2023-12-25 10:42:07.792 +03:00 [ERR] An unhandled exception has occurred while executing the request.
Isa.Flow.Interact.Exceptions.SendingException: Error occured while message sending
 ---> RabbitMQ.Client.Exceptions.AlreadyClosedException: Already closed: The AMQP operation was interrupted: AMQP close-reason, initiated by Library, code=541, text='Unexpected Exception', classId=0, methodId=0, cause=System.IO.IOException: Unable to read data from the transport connection: Удаленный хост принудительно разорвал существующее подключение..
 ---> System.Net.Sockets.SocketException (10054): Удаленный хост принудительно разорвал существующее подключение.
   at System.Net.Sockets.NetworkStream.Read(Byte[] buffer, Int32 offset, Int32 count)
   --- End of inner exception stack trace ---
   at System.Net.Sockets.NetworkStream.Read(Byte[] buffer, Int32 offset, Int32 count)
   at System.IO.BufferedStream.ReadByteSlow()
   at RabbitMQ.Client.Impl.InboundFrame.ReadFrom(Stream reader, Byte[] frameHeaderBuffer, ArrayPool`1 pool, UInt32 maxMessageSize)
   at RabbitMQ.Client.Impl.SocketFrameHandler.ReadFrame()
   at RabbitMQ.Client.Framing.Impl.Connection.MainLoopIteration()
   at RabbitMQ.Client.Framing.Impl.Connection.MainLoop()
   at RabbitMQ.Client.Framing.Impl.Connection.EnsureIsOpen()
   at RabbitMQ.Client.Framing.Impl.AutorecoveringConnection.CreateModel()
   at Isa.Flow.Interact.RpcClient.CallAsync[TRequest,TResponse](String requestedActorId, TRequest request, Int32 timeout, CancellationToken cancellationToken) in C:\Work\Projects\Isa.Flow\Isa.Flow.Interact\RpcClient.cs:line 66
   --- End of inner exception stack trace ---
   at Isa.Flow.Interact.RpcClient.CallAsync[TRequest,TResponse](String requestedActorId, TRequest request, Int32 timeout, CancellationToken cancellationToken) in C:\Work\Projects\Isa.Flow\Isa.Flow.Interact\RpcClient.cs:line 126
   at Isa.Flow.Manager.ManagerActor.AccessTokenCallAsync(String code) in C:\Work\Projects\Isa.Flow\Isa.Flow.Manager\ManagerActor.cs:line 331
   at Isa.Flow.Manager.Controllers.HomeController.StartVkWithCode(String code) in C:\Work\Projects\Isa.Flow\Isa.Flow.Manager\Controllers\HomeController.cs:line 136
   at Microsoft.AspNetCore.Mvc.Infrastructure.ActionMethodExecutor.TaskOfIActionResultExecutor.Execute(ActionContext actionContext, IActionResultTypeMapper mapper, ObjectMethodExecutor executor, Object controller, Object[] arguments)
   at Microsoft.AspNetCore.Mvc.Infrastructure.ControllerActionInvoker.<InvokeActionMethodAsync>g__Awaited|12_0(ControllerActionInvoker invoker, ValueTask`1 actionResultValueTask)
   at Microsoft.AspNetCore.Mvc.Infrastructure.ControllerActionInvoker.<InvokeNextActionFilterAsync>g__Awaited|10_0(ControllerActionInvoker invoker, Task lastTask, State next, Scope scope, Object state, Boolean isCompleted)
   at Microsoft.AspNetCore.Mvc.Infrastructure.ControllerActionInvoker.Rethrow(ActionExecutedContextSealed context)
   at Microsoft.AspNetCore.Mvc.Infrastructure.ControllerActionInvoker.Next(State& next, Scope& scope, Object& state, Boolean& isCompleted)
   at Microsoft.AspNetCore.Mvc.Infrastructure.ControllerActionInvoker.InvokeInnerFilterAsync()
--- End of stack trace from previous location ---
   at Microsoft.AspNetCore.Mvc.Infrastructure.ResourceInvoker.<InvokeNextResourceFilter>g__Awaited|25_0(ResourceInvoker invoker, Task lastTask, State next, Scope scope, Object state, Boolean isCompleted)
   at Microsoft.AspNetCore.Mvc.Infrastructure.ResourceInvoker.Rethrow(ResourceExecutedContextSealed context)
   at Microsoft.AspNetCore.Mvc.Infrastructure.ResourceInvoker.Next(State& next, Scope& scope, Object& state, Boolean& isCompleted)
   at Microsoft.AspNetCore.Mvc.Infrastructure.ResourceInvoker.InvokeFilterPipelineAsync()
--- End of stack trace from previous location ---
   at Microsoft.AspNetCore.Mvc.Infrastructure.ResourceInvoker.<InvokeAsync>g__Logged|17_1(ResourceInvoker invoker)
   at Microsoft.AspNetCore.Mvc.Infrastructure.ResourceInvoker.<InvokeAsync>g__Logged|17_1(ResourceInvoker invoker)
   at Microsoft.AspNetCore.Routing.EndpointMiddleware.<Invoke>g__AwaitRequestTask|6_0(Endpoint endpoint, Task requestTask, ILogger logger)
   at Microsoft.AspNetCore.Authorization.AuthorizationMiddleware.Invoke(HttpContext context)
   at Microsoft.AspNetCore.Authentication.AuthenticationMiddleware.Invoke(HttpContext context)
   at Microsoft.AspNetCore.Diagnostics.DeveloperExceptionPageMiddlewareImpl.Invoke(HttpContext context)
